mode: atomic
scheduler0/service/executor/executors/http_post.go:27.66,31.2 1 0
scheduler0/service/executor/executors/http_post.go:33.234,36.33 2 0
scheduler0/service/executor/executors/http_post.go:45.2,48.37 3 0
scheduler0/service/executor/executors/http_post.go:96.2,96.32 1 0
scheduler0/service/executor/executors/http_post.go:36.33,37.50 1 0
scheduler0/service/executor/executors/http_post.go:37.50,40.4 2 0
scheduler0/service/executor/executors/http_post.go:40.9,42.4 1 0
scheduler0/service/executor/executors/http_post.go:48.37,53.33 3 0
scheduler0/service/executor/executors/http_post.go:53.33,54.44 1 0
scheduler0/service/executor/executors/http_post.go:54.44,55.82 1 0
scheduler0/service/executor/executors/http_post.go:55.82,56.19 1 0
scheduler0/service/executor/executors/http_post.go:61.6,61.38 1 0
scheduler0/service/executor/executors/http_post.go:56.19,59.7 2 0
scheduler0/service/executor/executors/http_post.go:61.38,70.21 6 0
scheduler0/service/executor/executors/http_post.go:76.7,77.21 2 0
scheduler0/service/executor/executors/http_post.go:83.7,83.57 1 0
scheduler0/service/executor/executors/http_post.go:88.7,89.108 2 0
scheduler0/service/executor/executors/http_post.go:70.21,74.8 3 0
scheduler0/service/executor/executors/http_post.go:77.21,81.8 3 0
scheduler0/service/executor/executors/http_post.go:83.57,86.8 2 0
scheduler0/service/executor/executors/http_post.go:99.81,102.16 3 0
scheduler0/service/executor/executors/http_post.go:105.2,105.11 1 0
scheduler0/service/executor/executors/http_post.go:102.16,104.3 1 0
scheduler0/network/dialer.go:10.37,14.2 1 12
scheduler0/network/dialer.go:22.89,26.19 3 9
scheduler0/network/dialer.go:29.2,29.15 1 4
scheduler0/network/dialer.go:36.2,36.71 1 4
scheduler0/network/dialer.go:39.2,39.56 1 4
scheduler0/network/dialer.go:42.2,42.18 1 4
scheduler0/network/dialer.go:26.19,28.3 1 5
scheduler0/network/dialer.go:29.15,30.35 1 4
scheduler0/network/dialer.go:30.35,32.4 1 0
scheduler0/network/dialer.go:36.71,38.3 1 0
scheduler0/network/dialer.go:39.56,41.3 1 0
scheduler0/network/mux.go:27.49,29.17 2 0
scheduler0/network/mux.go:33.2,37.3 1 0
scheduler0/network/mux.go:29.17,31.3 1 0
scheduler0/network/mux.go:41.31,42.6 1 0
scheduler0/network/mux.go:42.6,49.29 2 0
scheduler0/network/mux.go:52.3,52.17 1 0
scheduler0/network/mux.go:64.3,65.26 2 0
scheduler0/network/mux.go:49.29,50.12 1 0
scheduler0/network/mux.go:52.17,57.29 3 0
scheduler0/network/mux.go:60.4,60.14 1 0
scheduler0/network/mux.go:57.29,59.5 1 0
scheduler0/network/mux.go:80.76,82.2 1 0
scheduler0/network/mux.go:85.44,85.68 1 0
scheduler0/network/mux.go:88.31,88.54 1 0
scheduler0/network/mux.go:91.33,93.2 1 0
scheduler0/network/mux.go:97.44,99.32 1 0
scheduler0/network/mux.go:104.2,116.14 5 0
scheduler0/network/mux.go:99.32,100.82 1 0
scheduler0/network/mux.go:119.43,123.77 2 0
scheduler0/network/mux.go:130.2,131.53 2 0
scheduler0/network/mux.go:138.2,138.58 1 0
scheduler0/network/mux.go:145.2,146.20 2 0
scheduler0/network/mux.go:153.2,153.19 1 0
scheduler0/network/mux.go:123.77,127.3 3 0
scheduler0/network/mux.go:131.53,135.3 3 0
scheduler0/network/mux.go:138.58,142.3 3 0
scheduler0/network/mux.go:146.20,150.3 3 0
scheduler0/network/mux.go:163.54,165.9 2 0
scheduler0/network/mux.go:168.2,168.18 1 0
scheduler0/network/mux.go:165.9,167.3 1 0
scheduler0/network/mux.go:172.35,172.49 1 0
scheduler0/network/mux.go:175.37,175.51 1 0
scheduler0/network/name_address.go:10.39,12.2 1 1
scheduler0/network/name_address.go:15.38,17.2 1 1
scheduler0/network/transport.go:21.43,25.2 1 0
scheduler0/network/transport.go:28.92,30.2 1 0
scheduler0/network/transport.go:33.48,35.2 1 0
scheduler0/network/transport.go:38.35,40.2 1 0
scheduler0/network/transport.go:43.37,45.2 1 0
scheduler0/db/db.go:41.78,46.2 1 6
scheduler0/db/db.go:49.61,53.26 3 5
scheduler0/db/db.go:57.2,59.17 2 5
scheduler0/db/db.go:68.2,68.22 1 5
scheduler0/db/db.go:53.26,55.3 1 0
scheduler0/db/db.go:59.17,61.17 2 5
scheduler0/db/db.go:65.3,65.29 1 5
scheduler0/db/db.go:61.17,63.4 1 0
scheduler0/db/db.go:71.41,76.16 4 1
scheduler0/db/db.go:80.2,80.13 1 1
scheduler0/db/db.go:76.16,78.3 1 0
scheduler0/db/db.go:83.39,85.2 1 0
scheduler0/db/db.go:87.41,89.2 1 0
scheduler0/db/db.go:91.33,93.2 1 0
scheduler0/db/db.go:95.35,97.2 1 0
scheduler0/db/db.go:99.50,101.2 1 0
scheduler0/db/db.go:103.57,105.2 1 0
scheduler0/db/db.go:107.89,109.2 1 0
scheduler0/db/db.go:111.37,115.39 3 1
scheduler0/db/db.go:118.2,119.16 2 1
scheduler0/db/db.go:123.2,129.22 5 1
scheduler0/db/db.go:133.2,134.20 2 1
scheduler0/db/db.go:142.2,143.22 2 1
scheduler0/db/db.go:115.39,117.3 1 0
scheduler0/db/db.go:119.16,121.3 1 0
scheduler0/db/db.go:129.22,131.3 1 0
scheduler0/db/db.go:134.20,136.25 2 0
scheduler0/db/db.go:139.3,139.77 1 0
scheduler0/db/db.go:136.25,138.4 1 0
scheduler0/db/db.go:143.22,145.3 1 0
scheduler0/db/db.go:148.74,150.16 2 1
scheduler0/db/db.go:154.2,158.16 5 1
scheduler0/db/db.go:162.2,162.13 1 1
scheduler0/db/db.go:166.2,171.16 5 1
scheduler0/db/db.go:175.2,175.17 1 1
scheduler0/db/db.go:150.16,152.3 1 0
scheduler0/db/db.go:158.16,160.3 1 0
scheduler0/db/db.go:162.13,164.3 1 1
scheduler0/db/db.go:171.16,173.3 1 0
scheduler0/db/db.go:178.56,180.16 2 0
scheduler0/db/db.go:183.2,185.3 1 0
scheduler0/db/db.go:180.16,182.3 1 0
scheduler0/db/db.go:188.27,296.2 1 2
scheduler0/db/db.go:298.43,300.16 2 1
scheduler0/db/db.go:303.2,309.39 5 1
scheduler0/db/db.go:313.2,314.16 2 1
scheduler0/db/db.go:317.2,317.13 1 1
scheduler0/db/db.go:324.2,325.16 2 1
scheduler0/db/db.go:329.2,335.22 5 1
scheduler0/db/db.go:339.2,340.20 2 1
scheduler0/db/db.go:348.2,349.22 2 1
scheduler0/db/db.go:300.16,302.3 1 0
scheduler0/db/db.go:309.39,311.3 1 0
scheduler0/db/db.go:314.16,316.3 1 0
scheduler0/db/db.go:317.13,319.17 2 1
scheduler0/db/db.go:319.17,321.4 1 0
scheduler0/db/db.go:325.16,327.3 1 0
scheduler0/db/db.go:335.22,337.3 1 0
scheduler0/db/db.go:340.20,342.25 2 0
scheduler0/db/db.go:345.3,345.77 1 0
scheduler0/db/db.go:342.25,344.4 1 0
scheduler0/db/db.go:349.22,351.3 1 0
scheduler0/http_server/middlewares/server.go:11.45,15.2 3 0
scheduler0/http_server/middlewares/server.go:18.116,23.2 3 0
scheduler0/http_server/middlewares/middleware.go:33.152,39.2 1 0
scheduler0/http_server/middlewares/middleware.go:42.79,43.71 1 0
scheduler0/http_server/middlewares/middleware.go:43.71,48.3 4 0
scheduler0/http_server/middlewares/middleware.go:52.119,53.46 1 0
scheduler0/http_server/middlewares/middleware.go:53.46,54.72 1 0
scheduler0/http_server/middlewares/middleware.go:54.72,57.22 2 0
scheduler0/http_server/middlewares/middleware.go:62.4,62.59 1 0
scheduler0/http_server/middlewares/middleware.go:67.4,67.25 1 0
scheduler0/http_server/middlewares/middleware.go:77.4,77.23 1 0
scheduler0/http_server/middlewares/middleware.go:87.4,88.10 2 0
scheduler0/http_server/middlewares/middleware.go:57.22,60.5 2 0
scheduler0/http_server/middlewares/middleware.go:62.59,65.5 2 0
scheduler0/http_server/middlewares/middleware.go:67.25,68.80 1 0
scheduler0/http_server/middlewares/middleware.go:68.80,71.6 2 0
scheduler0/http_server/middlewares/middleware.go:71.11,74.6 2 0
scheduler0/http_server/middlewares/middleware.go:77.23,78.76 1 0
scheduler0/http_server/middlewares/middleware.go:78.76,81.6 2 0
scheduler0/http_server/middlewares/middleware.go:81.11,84.6 2 0
scheduler0/http_server/middlewares/middleware.go:93.110,94.46 1 0
scheduler0/http_server/middlewares/middleware.go:94.46,95.72 1 0
scheduler0/http_server/middlewares/middleware.go:95.72,98.22 2 0
scheduler0/http_server/middlewares/middleware.go:103.4,103.36 1 0
scheduler0/http_server/middlewares/middleware.go:108.4,108.32 1 0
scheduler0/http_server/middlewares/middleware.go:113.4,113.139 1 0
scheduler0/http_server/middlewares/middleware.go:147.4,148.10 2 0
scheduler0/http_server/middlewares/middleware.go:98.22,101.5 2 0
scheduler0/http_server/middlewares/middleware.go:103.36,106.5 2 0
scheduler0/http_server/middlewares/middleware.go:108.32,111.5 2 0
scheduler0/http_server/middlewares/middleware.go:113.139,119.49 4 0
scheduler0/http_server/middlewares/middleware.go:126.5,126.26 1 0
scheduler0/http_server/middlewares/middleware.go:132.5,137.88 4 0
scheduler0/http_server/middlewares/middleware.go:144.5,144.11 1 0
scheduler0/http_server/middlewares/middleware.go:119.49,120.54 1 0
scheduler0/http_server/middlewares/middleware.go:120.54,122.12 2 0
scheduler0/http_server/middlewares/middleware.go:126.26,130.6 3 0
scheduler0/http_server/middlewares/middleware.go:137.88,140.6 2 0
scheduler0/http_server/middlewares/middleware.go:140.11,142.6 1 0
scheduler0/http_server/middlewares/peer.go:11.43,14.2 2 0
scheduler0/http_server/middlewares/peer.go:16.98,19.8 3 0
scheduler0/http_server/middlewares/peer.go:32.2,32.14 1 0
scheduler0/http_server/middlewares/peer.go:19.8,30.3 7 0
scheduler0/http_server/controllers/asyncTask.go:24.158,31.2 2 0
scheduler0/http_server/controllers/asyncTask.go:33.88,38.16 4 0
scheduler0/http_server/controllers/asyncTask.go:43.2,43.43 1 0
scheduler0/http_server/controllers/asyncTask.go:48.2,49.16 2 0
scheduler0/http_server/controllers/asyncTask.go:54.2,54.6 1 0
scheduler0/http_server/controllers/asyncTask.go:38.16,41.3 2 0
scheduler0/http_server/controllers/asyncTask.go:43.43,46.3 2 0
scheduler0/http_server/controllers/asyncTask.go:49.16,52.3 2 0
scheduler0/http_server/controllers/asyncTask.go:54.6,55.10 1 0
scheduler0/http_server/controllers/asyncTask.go:56.25,59.10 3 0
scheduler0/http_server/controllers/asyncTask.go:60.29,62.18 2 0
scheduler0/http_server/controllers/asyncTask.go:66.4,67.21 2 0
scheduler0/http_server/controllers/asyncTask.go:70.4,70.21 1 0
scheduler0/http_server/controllers/asyncTask.go:74.4,75.10 2 0
scheduler0/http_server/controllers/asyncTask.go:62.18,65.5 2 0
scheduler0/http_server/controllers/asyncTask.go:67.21,69.5 1 0
scheduler0/http_server/controllers/asyncTask.go:70.21,73.5 2 0
scheduler0/http_server/controllers/credential.go:27.113,32.2 1 0
scheduler0/http_server/controllers/credential.go:35.111,37.16 2 0
scheduler0/http_server/controllers/credential.go:42.2,42.19 1 0
scheduler0/http_server/controllers/credential.go:47.2,50.16 3 0
scheduler0/http_server/controllers/credential.go:55.2,55.118 1 0
scheduler0/http_server/controllers/credential.go:37.16,40.3 2 0
scheduler0/http_server/controllers/credential.go:42.19,45.3 2 0
scheduler0/http_server/controllers/credential.go:50.16,53.3 2 0
scheduler0/http_server/controllers/credential.go:55.118,57.3 1 0
scheduler0/http_server/controllers/credential.go:57.8,58.117 1 0
scheduler0/http_server/controllers/credential.go:58.117,61.4 2 0
scheduler0/http_server/controllers/credential.go:61.9,63.4 1 0
scheduler0/http_server/controllers/credential.go:68.108,73.16 4 0
scheduler0/http_server/controllers/credential.go:77.2,79.16 2 0
scheduler0/http_server/controllers/credential.go:73.16,76.3 2 0
scheduler0/http_server/controllers/credential.go:79.16,81.3 1 0
scheduler0/http_server/controllers/credential.go:81.8,83.3 1 0
scheduler0/http_server/controllers/credential.go:87.111,91.16 3 0
scheduler0/http_server/controllers/credential.go:94.2,94.19 1 0
scheduler0/http_server/controllers/credential.go:98.2,99.16 2 0
scheduler0/http_server/controllers/credential.go:103.2,108.16 3 0
scheduler0/http_server/controllers/credential.go:113.2,116.16 3 0
scheduler0/http_server/controllers/credential.go:91.16,93.3 1 0
scheduler0/http_server/controllers/credential.go:94.19,97.3 2 0
scheduler0/http_server/controllers/credential.go:99.16,102.3 2 0
scheduler0/http_server/controllers/credential.go:108.16,111.3 2 0
scheduler0/http_server/controllers/credential.go:116.16,118.3 1 0
scheduler0/http_server/controllers/credential.go:118.8,120.3 1 0
scheduler0/http_server/controllers/credential.go:124.111,128.23 4 0
scheduler0/http_server/controllers/credential.go:132.2,133.16 2 0
scheduler0/http_server/controllers/credential.go:128.23,131.3 2 0
scheduler0/http_server/controllers/credential.go:133.16,136.3 2 0
scheduler0/http_server/controllers/credential.go:136.8,139.3 2 0
scheduler0/http_server/controllers/credential.go:143.107,153.16 6 0
scheduler0/http_server/controllers/credential.go:158.2,159.16 2 0
scheduler0/http_server/controllers/credential.go:164.2,165.16 2 0
scheduler0/http_server/controllers/credential.go:170.2,171.16 2 0
scheduler0/http_server/controllers/credential.go:176.2,178.32 2 0
scheduler0/http_server/controllers/credential.go:153.16,156.3 2 0
scheduler0/http_server/controllers/credential.go:159.16,162.3 2 0
scheduler0/http_server/controllers/credential.go:165.16,168.3 2 0
scheduler0/http_server/controllers/credential.go:171.16,174.3 2 0
scheduler0/http_server/controllers/credential.go:178.32,181.3 2 0
scheduler0/http_server/controllers/credential.go:181.8,184.3 2 0
scheduler0/http_server/controllers/healthcheck.go:25.107,30.2 1 0
scheduler0/http_server/controllers/healthcheck.go:32.94,40.2 3 0
scheduler0/http_server/controllers/job.go:30.121,37.2 2 0
scheduler0/http_server/controllers/job.go:40.90,42.16 2 0
scheduler0/http_server/controllers/job.go:47.2,48.23 2 0
scheduler0/http_server/controllers/job.go:53.2,54.16 2 0
scheduler0/http_server/controllers/job.go:59.2,60.16 2 0
scheduler0/http_server/controllers/job.go:65.2,66.16 2 0
scheduler0/http_server/controllers/job.go:71.2,72.16 2 0
scheduler0/http_server/controllers/job.go:77.2,78.36 2 0
scheduler0/http_server/controllers/job.go:83.2,83.51 1 0
scheduler0/http_server/controllers/job.go:42.16,45.3 2 0
scheduler0/http_server/controllers/job.go:48.23,51.3 2 0
scheduler0/http_server/controllers/job.go:54.16,57.3 2 0
scheduler0/http_server/controllers/job.go:60.16,63.3 2 0
scheduler0/http_server/controllers/job.go:66.16,69.3 2 0
scheduler0/http_server/controllers/job.go:72.16,75.3 2 0
scheduler0/http_server/controllers/job.go:78.36,81.3 2 0
scheduler0/http_server/controllers/job.go:87.97,90.17 2 0
scheduler0/http_server/controllers/job.go:94.2,95.52 2 0
scheduler0/http_server/controllers/job.go:100.2,103.16 3 0
scheduler0/http_server/controllers/job.go:108.2,111.8 3 0
scheduler0/http_server/controllers/job.go:90.17,92.3 1 0
scheduler0/http_server/controllers/job.go:95.52,98.3 2 0
scheduler0/http_server/controllers/job.go:103.16,106.3 2 0
scheduler0/http_server/controllers/job.go:115.91,119.23 3 0
scheduler0/http_server/controllers/job.go:124.2,129.27 3 0
scheduler0/http_server/controllers/job.go:134.2,134.51 1 0
scheduler0/http_server/controllers/job.go:119.23,122.3 2 0
scheduler0/http_server/controllers/job.go:129.27,132.3 2 0
scheduler0/http_server/controllers/job.go:138.94,146.23 6 0
scheduler0/http_server/controllers/job.go:151.2,153.16 2 0
scheduler0/http_server/controllers/job.go:158.2,159.30 2 0
scheduler0/http_server/controllers/job.go:164.2,164.51 1 0
scheduler0/http_server/controllers/job.go:146.23,149.3 2 0
scheduler0/http_server/controllers/job.go:153.16,156.3 2 0
scheduler0/http_server/controllers/job.go:159.30,162.3 2 0
scheduler0/http_server/controllers/job.go:168.94,172.23 3 0
scheduler0/http_server/controllers/job.go:177.2,182.30 3 0
scheduler0/http_server/controllers/job.go:187.2,187.57 1 0
scheduler0/http_server/controllers/job.go:172.23,175.3 2 0
scheduler0/http_server/controllers/job.go:182.30,185.3 2 0
scheduler0/http_server/controllers/peer.go:25.152,33.2 2 0
scheduler0/http_server/controllers/peer.go:35.85,43.2 3 0
scheduler0/http_server/controllers/peer.go:45.89,54.2 5 0
scheduler0/http_server/controllers/project.go:28.101,33.2 1 0
scheduler0/http_server/controllers/project.go:35.95,37.16 2 0
scheduler0/http_server/controllers/project.go:41.2,43.16 3 0
scheduler0/http_server/controllers/project.go:48.2,49.27 2 0
scheduler0/http_server/controllers/project.go:54.2,54.70 1 0
scheduler0/http_server/controllers/project.go:37.16,39.3 1 0
scheduler0/http_server/controllers/project.go:43.16,46.3 2 0
scheduler0/http_server/controllers/project.go:49.27,52.3 2 0
scheduler0/http_server/controllers/project.go:57.92,61.23 3 0
scheduler0/http_server/controllers/project.go:66.2,71.16 3 0
scheduler0/http_server/controllers/project.go:76.2,76.54 1 0
scheduler0/http_server/controllers/project.go:61.23,64.3 2 0
scheduler0/http_server/controllers/project.go:71.16,74.3 2 0
scheduler0/http_server/controllers/project.go:79.91,81.16 2 0
scheduler0/http_server/controllers/project.go:86.2,87.16 2 0
scheduler0/http_server/controllers/project.go:92.2,93.16 2 0
scheduler0/http_server/controllers/project.go:98.2,99.16 2 0
scheduler0/http_server/controllers/project.go:104.2,105.22 2 0
scheduler0/http_server/controllers/project.go:110.2,110.55 1 0
scheduler0/http_server/controllers/project.go:81.16,84.3 2 0
scheduler0/http_server/controllers/project.go:87.16,90.3 2 0
scheduler0/http_server/controllers/project.go:93.16,96.3 2 0
scheduler0/http_server/controllers/project.go:99.16,102.3 2 0
scheduler0/http_server/controllers/project.go:105.22,108.3 2 0
scheduler0/http_server/controllers/project.go:113.95,117.23 3 0
scheduler0/http_server/controllers/project.go:122.2,127.16 3 0
scheduler0/http_server/controllers/project.go:132.2,132.57 1 0
scheduler0/http_server/controllers/project.go:117.23,120.3 2 0
scheduler0/http_server/controllers/project.go:127.16,130.3 2 0
scheduler0/http_server/controllers/project.go:135.95,139.23 3 0
scheduler0/http_server/controllers/project.go:144.2,145.16 2 0
scheduler0/http_server/controllers/project.go:148.2,151.16 3 0
scheduler0/http_server/controllers/project.go:156.2,159.24 3 0
scheduler0/http_server/controllers/project.go:164.2,164.54 1 0
scheduler0/http_server/controllers/project.go:139.23,142.3 2 0
scheduler0/http_server/controllers/project.go:145.16,147.3 1 0
scheduler0/http_server/controllers/project.go:151.16,154.3 2 0
scheduler0/http_server/controllers/project.go:159.24,162.3 2 0
scheduler0/config/config.go:28.45,30.2 1 1
scheduler0/config/config.go:73.81,75.25 1 2
scheduler0/config/config.go:80.2,80.17 1 1
scheduler0/config/config.go:112.2,112.21 1 1
scheduler0/config/config.go:75.25,77.3 1 1
scheduler0/config/config.go:80.17,89.40 4 1
scheduler0/config/config.go:94.3,97.25 2 1
scheduler0/config/config.go:102.3,104.17 2 1
scheduler0/config/config.go:108.3,108.25 1 1
scheduler0/config/config.go:89.40,90.14 1 0
scheduler0/config/config.go:97.25,99.4 1 1
scheduler0/config/config.go:104.17,105.14 1 0
scheduler0/config/config.go:116.51,120.56 2 2
scheduler0/config/config.go:125.2,125.56 1 2
scheduler0/config/config.go:130.2,130.52 1 2
scheduler0/config/config.go:135.2,135.52 1 2
scheduler0/config/config.go:140.2,140.56 1 2
scheduler0/config/config.go:150.2,150.76 1 2
scheduler0/config/config.go:159.2,159.70 1 2
scheduler0/config/config.go:168.2,168.80 1 2
scheduler0/config/config.go:177.2,177.57 1 2
scheduler0/config/config.go:186.2,186.55 1 2
scheduler0/config/config.go:195.2,195.64 1 2
scheduler0/config/config.go:200.2,200.60 1 2
scheduler0/config/config.go:205.2,205.71 1 2
scheduler0/config/config.go:214.2,214.70 1 2
scheduler0/config/config.go:223.2,223.66 1 2
scheduler0/config/config.go:232.2,232.70 1 2
scheduler0/config/config.go:241.2,241.71 1 2
scheduler0/config/config.go:250.2,250.70 1 2
scheduler0/config/config.go:259.2,259.69 1 2
scheduler0/config/config.go:268.2,268.67 1 2
scheduler0/config/config.go:277.2,277.71 1 2
scheduler0/config/config.go:286.2,286.69 1 2
scheduler0/config/config.go:295.2,295.73 1 2
scheduler0/config/config.go:304.2,304.71 1 2
scheduler0/config/config.go:313.2,313.59 1 2
scheduler0/config/config.go:322.2,322.72 1 2
scheduler0/config/config.go:331.2,331.58 1 2
scheduler0/config/config.go:340.2,340.74 1 2
scheduler0/config/config.go:349.2,349.84 1 2
scheduler0/config/config.go:358.2,358.77 1 2
scheduler0/config/config.go:367.2,367.81 1 2
scheduler0/config/config.go:375.2,375.15 1 2
scheduler0/config/config.go:120.56,122.3 1 1
scheduler0/config/config.go:125.56,127.3 1 1
scheduler0/config/config.go:130.52,132.3 1 1
scheduler0/config/config.go:135.52,137.3 1 1
scheduler0/config/config.go:140.56,143.17 3 1
scheduler0/config/config.go:146.3,146.29 1 1
scheduler0/config/config.go:143.17,145.4 1 0
scheduler0/config/config.go:150.76,152.17 2 1
scheduler0/config/config.go:155.3,155.43 1 1
scheduler0/config/config.go:152.17,154.4 1 0
scheduler0/config/config.go:159.70,161.17 2 1
scheduler0/config/config.go:164.3,164.38 1 1
scheduler0/config/config.go:161.17,163.4 1 0
scheduler0/config/config.go:168.80,170.17 2 1
scheduler0/config/config.go:173.3,173.47 1 1
scheduler0/config/config.go:170.17,172.4 1 0
scheduler0/config/config.go:177.57,179.17 2 1
scheduler0/config/config.go:182.3,182.28 1 1
scheduler0/config/config.go:179.17,181.4 1 0
scheduler0/config/config.go:186.55,188.17 2 1
scheduler0/config/config.go:191.3,191.25 1 1
scheduler0/config/config.go:188.17,190.4 1 0
scheduler0/config/config.go:195.64,197.3 1 0
scheduler0/config/config.go:200.60,202.3 1 1
scheduler0/config/config.go:205.71,207.17 2 1
scheduler0/config/config.go:210.3,210.39 1 1
scheduler0/config/config.go:207.17,209.4 1 0
scheduler0/config/config.go:214.70,216.17 2 1
scheduler0/config/config.go:219.3,219.39 1 1
scheduler0/config/config.go:216.17,218.4 1 0
scheduler0/config/config.go:223.66,225.17 2 1
scheduler0/config/config.go:228.3,228.35 1 1
scheduler0/config/config.go:225.17,227.4 1 0
scheduler0/config/config.go:232.70,234.17 2 1
scheduler0/config/config.go:237.3,237.39 1 1
scheduler0/config/config.go:234.17,236.4 1 0
scheduler0/config/config.go:241.71,243.17 2 1
scheduler0/config/config.go:246.3,246.40 1 1
scheduler0/config/config.go:243.17,245.4 1 0
scheduler0/config/config.go:250.70,252.17 2 1
scheduler0/config/config.go:255.3,255.39 1 1
scheduler0/config/config.go:252.17,254.4 1 0
scheduler0/config/config.go:259.69,261.17 2 1
scheduler0/config/config.go:264.3,264.38 1 1
scheduler0/config/config.go:261.17,263.4 1 0
scheduler0/config/config.go:268.67,270.17 2 1
scheduler0/config/config.go:273.3,273.36 1 1
scheduler0/config/config.go:270.17,272.4 1 0
scheduler0/config/config.go:277.71,279.17 2 1
scheduler0/config/config.go:282.3,282.39 1 1
scheduler0/config/config.go:279.17,281.4 1 0
scheduler0/config/config.go:286.69,288.17 2 1
scheduler0/config/config.go:291.3,291.38 1 1
scheduler0/config/config.go:288.17,290.4 1 0
scheduler0/config/config.go:295.73,297.17 2 1
scheduler0/config/config.go:300.3,300.41 1 1
scheduler0/config/config.go:297.17,299.4 1 0
scheduler0/config/config.go:304.71,306.17 2 1
scheduler0/config/config.go:309.3,309.39 1 1
scheduler0/config/config.go:306.17,308.4 1 0
scheduler0/config/config.go:313.59,315.17 2 1
scheduler0/config/config.go:318.3,318.29 1 1
scheduler0/config/config.go:315.17,317.4 1 0
scheduler0/config/config.go:322.72,324.17 2 1
scheduler0/config/config.go:327.3,327.40 1 1
scheduler0/config/config.go:324.17,326.4 1 0
scheduler0/config/config.go:331.58,333.17 2 1
scheduler0/config/config.go:336.3,336.28 1 1
scheduler0/config/config.go:333.17,335.4 1 0
scheduler0/config/config.go:340.74,342.17 2 1
scheduler0/config/config.go:345.3,345.41 1 1
scheduler0/config/config.go:342.17,344.4 1 0
scheduler0/config/config.go:349.84,351.17 2 1
scheduler0/config/config.go:354.3,354.51 1 1
scheduler0/config/config.go:351.17,353.4 1 0
scheduler0/config/config.go:358.77,360.17 2 1
scheduler0/config/config.go:363.3,363.45 1 1
scheduler0/config/config.go:360.17,362.4 1 0
scheduler0/config/config.go:367.81,369.17 2 1
scheduler0/config/config.go:372.3,372.47 1 1
scheduler0/config/config.go:369.17,371.4 1 0
scheduler0/config/config.go:378.26,380.16 2 1
scheduler0/config/config.go:383.2,383.20 1 1
scheduler0/config/config.go:380.16,382.3 1 0
scheduler0/shared_repo/shared_repo.go:28.94,33.2 1 5
scheduler0/shared_repo/shared_repo.go:35.109,43.15 6 4
scheduler0/shared_repo/shared_repo.go:47.2,51.16 2 4
scheduler0/shared_repo/shared_repo.go:55.2,56.18 2 4
scheduler0/shared_repo/shared_repo.go:63.2,63.23 1 4
scheduler0/shared_repo/shared_repo.go:67.2,68.16 2 4
scheduler0/shared_repo/shared_repo.go:73.2,77.16 2 4
scheduler0/shared_repo/shared_repo.go:82.2,84.15 2 4
scheduler0/shared_repo/shared_repo.go:88.2,90.18 3 3
scheduler0/shared_repo/shared_repo.go:97.2,97.23 1 3
scheduler0/shared_repo/shared_repo.go:101.2,102.16 2 3
scheduler0/shared_repo/shared_repo.go:107.2,110.34 3 3
scheduler0/shared_repo/shared_repo.go:114.2,116.32 2 3
scheduler0/shared_repo/shared_repo.go:169.2,169.27 1 3
scheduler0/shared_repo/shared_repo.go:43.15,45.3 1 1
scheduler0/shared_repo/shared_repo.go:51.16,54.3 2 0
scheduler0/shared_repo/shared_repo.go:56.18,58.21 2 4
scheduler0/shared_repo/shared_repo.go:58.21,61.4 2 0
scheduler0/shared_repo/shared_repo.go:63.23,66.3 2 0
scheduler0/shared_repo/shared_repo.go:68.16,71.3 2 0
scheduler0/shared_repo/shared_repo.go:77.16,80.3 2 0
scheduler0/shared_repo/shared_repo.go:84.15,86.3 1 1
scheduler0/shared_repo/shared_repo.go:90.18,92.21 2 3
scheduler0/shared_repo/shared_repo.go:92.21,95.4 2 0
scheduler0/shared_repo/shared_repo.go:97.23,100.3 2 0
scheduler0/shared_repo/shared_repo.go:102.16,105.3 2 0
scheduler0/shared_repo/shared_repo.go:110.34,112.3 1 41
scheduler0/shared_repo/shared_repo.go:116.32,120.32 3 3
scheduler0/shared_repo/shared_repo.go:125.3,139.17 2 3
scheduler0/shared_repo/shared_repo.go:143.3,143.19 1 3
scheduler0/shared_repo/shared_repo.go:162.3,163.17 2 3
scheduler0/shared_repo/shared_repo.go:120.32,123.4 2 38
scheduler0/shared_repo/shared_repo.go:139.17,142.4 2 0
scheduler0/shared_repo/shared_repo.go:143.19,156.22 3 41
scheduler0/shared_repo/shared_repo.go:160.4,160.58 1 41
scheduler0/shared_repo/shared_repo.go:156.22,159.5 2 0
scheduler0/shared_repo/shared_repo.go:163.17,166.4 2 0
scheduler0/shared_repo/shared_repo.go:172.127,179.15 5 2
scheduler0/shared_repo/shared_repo.go:183.2,183.58 1 2
scheduler0/shared_repo/shared_repo.go:249.2,249.12 1 2
scheduler0/shared_repo/shared_repo.go:179.15,181.3 1 1
scheduler0/shared_repo/shared_repo.go:183.58,210.55 4 2
scheduler0/shared_repo/shared_repo.go:225.3,229.17 4 2
scheduler0/shared_repo/shared_repo.go:233.3,234.17 2 2
scheduler0/shared_repo/shared_repo.go:242.3,243.17 2 2
scheduler0/shared_repo/shared_repo.go:210.55,223.4 2 38
scheduler0/shared_repo/shared_repo.go:229.17,232.4 2 0
scheduler0/shared_repo/shared_repo.go:234.17,236.21 2 0
scheduler0/shared_repo/shared_repo.go:239.4,240.14 2 0
scheduler0/shared_repo/shared_repo.go:236.21,238.5 1 0
scheduler0/shared_repo/shared_repo.go:243.17,246.4 2 0
scheduler0/shared_repo/shared_repo.go:252.127,259.15 5 1
scheduler0/shared_repo/shared_repo.go:263.2,263.32 1 1
scheduler0/shared_repo/shared_repo.go:304.2,304.12 1 1
scheduler0/shared_repo/shared_repo.go:259.15,261.3 1 0
scheduler0/shared_repo/shared_repo.go:263.32,271.42 4 1
scheduler0/shared_repo/shared_repo.go:278.3,282.17 4 1
scheduler0/shared_repo/shared_repo.go:287.3,288.17 2 1
scheduler0/shared_repo/shared_repo.go:297.3,298.17 2 1
scheduler0/shared_repo/shared_repo.go:271.42,276.4 2 19
scheduler0/shared_repo/shared_repo.go:282.17,285.4 2 0
scheduler0/shared_repo/shared_repo.go:288.17,290.21 2 0
scheduler0/shared_repo/shared_repo.go:294.4,295.14 2 0
scheduler0/shared_repo/shared_repo.go:290.21,293.5 2 0
scheduler0/shared_repo/shared_repo.go:298.17,301.4 2 0
scheduler0/shared_repo/shared_repo.go:307.116,314.16 5 2
scheduler0/shared_repo/shared_repo.go:318.2,318.32 1 2
scheduler0/shared_repo/shared_repo.go:351.2,351.12 1 2
scheduler0/shared_repo/shared_repo.go:314.16,316.3 1 1
scheduler0/shared_repo/shared_repo.go:318.32,337.33 3 2
scheduler0/shared_repo/shared_repo.go:342.3,345.17 3 2
scheduler0/shared_repo/shared_repo.go:337.33,340.4 2 38
scheduler0/shared_repo/shared_repo.go:345.17,348.4 2 0
scheduler0/shared_repo/shared_repo.go:354.116,361.16 5 1
scheduler0/shared_repo/shared_repo.go:365.2,365.32 1 1
scheduler0/shared_repo/shared_repo.go:400.2,400.12 1 1
scheduler0/shared_repo/shared_repo.go:361.16,363.3 1 1
scheduler0/shared_repo/shared_repo.go:365.32,371.39 3 1
scheduler0/shared_repo/shared_repo.go:376.3,378.17 3 1
scheduler0/shared_repo/shared_repo.go:382.3,384.17 3 1
scheduler0/shared_repo/shared_repo.go:393.3,394.17 2 1
scheduler0/shared_repo/shared_repo.go:371.39,374.4 2 19
scheduler0/shared_repo/shared_repo.go:378.17,381.4 2 0
scheduler0/shared_repo/shared_repo.go:384.17,386.21 2 0
scheduler0/shared_repo/shared_repo.go:390.4,391.14 2 0
scheduler0/shared_repo/shared_repo.go:386.21,389.5 2 0
scheduler0/shared_repo/shared_repo.go:394.17,397.4 2 0
scheduler0/fsm/fsm_actions.go:44.88,48.2 1 5
scheduler0/fsm/fsm_actions.go:55.64,57.16 2 5
scheduler0/fsm/fsm_actions.go:61.2,68.16 2 5
scheduler0/fsm/fsm_actions.go:72.2,73.16 2 5
scheduler0/fsm/fsm_actions.go:77.2,80.23 3 5
scheduler0/fsm/fsm_actions.go:87.2,87.26 1 5
scheduler0/fsm/fsm_actions.go:98.2,98.17 1 2
scheduler0/fsm/fsm_actions.go:57.16,59.3 1 0
scheduler0/fsm/fsm_actions.go:68.16,70.3 1 0
scheduler0/fsm/fsm_actions.go:73.16,75.3 1 0
scheduler0/fsm/fsm_actions.go:80.23,81.38 1 0
scheduler0/fsm/fsm_actions.go:84.3,84.89 1 0
scheduler0/fsm/fsm_actions.go:81.38,83.4 1 0
scheduler0/fsm/fsm_actions.go:87.26,89.10 2 3
scheduler0/fsm/fsm_actions.go:92.3,92.20 1 3
scheduler0/fsm/fsm_actions.go:95.3,95.17 1 3
scheduler0/fsm/fsm_actions.go:89.10,91.4 1 0
scheduler0/fsm/fsm_actions.go:92.20,94.4 1 0
scheduler0/fsm/fsm_actions.go:108.42,110.37 1 28
scheduler0/fsm/fsm_actions.go:114.2,117.23 3 13
scheduler0/fsm/fsm_actions.go:124.2,124.22 1 13
scheduler0/fsm/fsm_actions.go:144.2,144.12 1 3
scheduler0/fsm/fsm_actions.go:110.37,112.3 1 15
scheduler0/fsm/fsm_actions.go:117.23,123.3 2 0
scheduler0/fsm/fsm_actions.go:125.63,126.40 1 3
scheduler0/fsm/fsm_actions.go:127.62,128.63 1 3
scheduler0/fsm/fsm_actions.go:129.63,130.70 1 3
scheduler0/fsm/fsm_actions.go:131.62,132.16 1 3
scheduler0/fsm/fsm_actions.go:135.3,135.8 1 2
scheduler0/fsm/fsm_actions.go:136.65,138.56 2 1
scheduler0/fsm/fsm_actions.go:141.3,141.8 1 1
scheduler0/fsm/fsm_actions.go:132.16,134.4 1 3
scheduler0/fsm/fsm_actions.go:138.56,140.4 1 1
scheduler0/fsm/fsm_actions.go:147.99,153.16 5 3
scheduler0/fsm/fsm_actions.go:159.2,162.16 3 3
scheduler0/fsm/fsm_actions.go:170.2,171.16 2 3
scheduler0/fsm/fsm_actions.go:186.2,187.16 2 1
scheduler0/fsm/fsm_actions.go:195.2,196.16 2 1
scheduler0/fsm/fsm_actions.go:211.2,212.16 2 1
scheduler0/fsm/fsm_actions.go:228.2,233.3 2 1
scheduler0/fsm/fsm_actions.go:153.16,158.3 1 0
scheduler0/fsm/fsm_actions.go:162.16,168.3 2 0
scheduler0/fsm/fsm_actions.go:171.16,174.25 3 2
scheduler0/fsm/fsm_actions.go:180.3,183.4 1 2
scheduler0/fsm/fsm_actions.go:174.25,179.4 1 0
scheduler0/fsm/fsm_actions.go:187.16,193.3 2 0
scheduler0/fsm/fsm_actions.go:196.16,199.25 3 0
scheduler0/fsm/fsm_actions.go:206.3,209.4 1 0
scheduler0/fsm/fsm_actions.go:199.25,205.4 2 0
scheduler0/fsm/fsm_actions.go:212.16,216.25 3 0
scheduler0/fsm/fsm_actions.go:223.3,226.4 1 0
scheduler0/fsm/fsm_actions.go:216.25,222.4 2 0
scheduler0/fsm/fsm_actions.go:236.146,242.16 5 3
scheduler0/fsm/fsm_actions.go:249.2,274.16 8 3
scheduler0/fsm/fsm_actions.go:281.2,281.15 1 1
scheduler0/fsm/fsm_actions.go:284.2,287.3 1 1
scheduler0/fsm/fsm_actions.go:242.16,248.3 2 0
scheduler0/fsm/fsm_actions.go:274.16,280.3 2 2
scheduler0/fsm/fsm_actions.go:281.15,283.3 1 1
scheduler0/fsm/fsm_actions.go:290.139,293.16 3 3
scheduler0/fsm/fsm_actions.go:300.2,303.43 3 3
scheduler0/fsm/fsm_actions.go:320.2,322.40 2 1
scheduler0/fsm/fsm_actions.go:339.2,342.3 1 1
scheduler0/fsm/fsm_actions.go:293.16,299.3 2 0
scheduler0/fsm/fsm_actions.go:303.43,305.23 2 3
scheduler0/fsm/fsm_actions.go:311.3,312.23 2 1
scheduler0/fsm/fsm_actions.go:305.23,310.4 1 2
scheduler0/fsm/fsm_actions.go:312.23,317.4 1 0
scheduler0/fsm/fsm_actions.go:322.40,324.23 2 1
scheduler0/fsm/fsm_actions.go:330.3,331.23 2 1
scheduler0/fsm/fsm_actions.go:324.23,329.4 1 0
scheduler0/fsm/fsm_actions.go:331.23,336.4 1 0
scheduler0/fsm/fsm_snapshot.go:17.51,21.2 1 1
scheduler0/fsm/fsm_snapshot.go:23.61,26.22 2 0
scheduler0/fsm/fsm_snapshot.go:76.2,76.16 1 0
scheduler0/fsm/fsm_snapshot.go:81.2,81.12 1 0
scheduler0/fsm/fsm_snapshot.go:26.22,33.17 3 0
scheduler0/fsm/fsm_snapshot.go:36.3,36.50 1 0
scheduler0/fsm/fsm_snapshot.go:39.3,44.17 4 0
scheduler0/fsm/fsm_snapshot.go:48.3,49.17 2 0
scheduler0/fsm/fsm_snapshot.go:53.3,53.36 1 0
scheduler0/fsm/fsm_snapshot.go:57.3,60.17 3 0
scheduler0/fsm/fsm_snapshot.go:63.3,63.50 1 0
scheduler0/fsm/fsm_snapshot.go:68.3,68.58 1 0
scheduler0/fsm/fsm_snapshot.go:73.3,73.22 1 0
scheduler0/fsm/fsm_snapshot.go:33.17,35.4 1 0
scheduler0/fsm/fsm_snapshot.go:36.50,38.4 1 0
scheduler0/fsm/fsm_snapshot.go:44.17,46.4 1 0
scheduler0/fsm/fsm_snapshot.go:49.17,51.4 1 0
scheduler0/fsm/fsm_snapshot.go:53.36,55.4 1 0
scheduler0/fsm/fsm_snapshot.go:60.17,62.4 1 0
scheduler0/fsm/fsm_snapshot.go:63.50,65.4 1 0
scheduler0/fsm/fsm_snapshot.go:68.58,70.4 1 0
scheduler0/fsm/fsm_snapshot.go:76.16,79.3 2 0
scheduler0/fsm/fsm_snapshot.go:84.33,86.2 1 0
scheduler0/fsm/fsm_store.go:48.121,60.2 2 15
scheduler0/fsm/fsm_store.go:62.35,64.2 1 18
scheduler0/fsm/fsm_store.go:66.51,68.2 1 1
scheduler0/fsm/fsm_store.go:70.38,72.2 1 7
scheduler0/fsm/fsm_store.go:74.44,76.2 1 6
scheduler0/fsm/fsm_store.go:78.45,80.2 1 1
scheduler0/fsm/fsm_store.go:82.51,84.2 1 3
scheduler0/fsm/fsm_store.go:86.51,88.2 1 3
scheduler0/fsm/fsm_store.go:90.58,92.2 1 3
scheduler0/fsm/fsm_store.go:94.48,107.2 3 1
scheduler0/fsm/fsm_store.go:109.60,115.25 4 29
scheduler0/fsm/fsm_store.go:128.2,128.16 1 28
scheduler0/fsm/fsm_store.go:115.25,126.3 2 30
scheduler0/fsm/fsm_store.go:131.54,135.2 3 1
scheduler0/fsm/fsm_store.go:137.48,143.16 5 0
scheduler0/fsm/fsm_store.go:146.2,147.16 2 0
scheduler0/fsm/fsm_store.go:150.2,151.69 2 0
scheduler0/fsm/fsm_store.go:154.2,154.14 1 0
scheduler0/fsm/fsm_store.go:160.2,161.16 2 0
scheduler0/fsm/fsm_store.go:165.2,166.16 2 0
scheduler0/fsm/fsm_store.go:170.2,174.12 4 0
scheduler0/fsm/fsm_store.go:143.16,145.3 1 0
scheduler0/fsm/fsm_store.go:147.16,149.3 1 0
scheduler0/fsm/fsm_store.go:151.69,153.3 1 0
scheduler0/fsm/fsm_store.go:154.14,155.70 1 0
scheduler0/fsm/fsm_store.go:155.70,157.4 1 0
scheduler0/fsm/fsm_store.go:161.16,163.3 1 0
scheduler0/fsm/fsm_store.go:166.16,168.3 1 0
scheduler0/utils/encrypt.go:13.81,20.16 4 3
scheduler0/utils/encrypt.go:26.2,27.16 2 3
scheduler0/utils/encrypt.go:32.2,33.58 2 3
scheduler0/utils/encrypt.go:39.2,40.38 2 3
scheduler0/utils/encrypt.go:20.16,21.21 1 0
scheduler0/utils/encrypt.go:27.16,28.21 1 0
scheduler0/utils/encrypt.go:33.58,34.21 1 0
scheduler0/utils/encrypt.go:44.81,50.16 4 3
scheduler0/utils/encrypt.go:55.2,56.16 2 3
scheduler0/utils/encrypt.go:61.2,68.16 4 3
scheduler0/utils/encrypt.go:72.2,72.37 1 3
scheduler0/utils/encrypt.go:50.16,51.21 1 0
scheduler0/utils/encrypt.go:56.16,57.21 1 0
scheduler0/utils/encrypt.go:68.16,69.21 1 0
scheduler0/utils/encrypt.go:76.65,78.2 1 1
scheduler0/utils/memchecker.go:21.143,29.2 1 3
scheduler0/utils/memchecker.go:33.49,35.47 2 3
scheduler0/utils/memchecker.go:35.47,37.3 1 1
scheduler0/utils/memchecker.go:43.56,47.6 3 1
scheduler0/utils/memchecker.go:47.6,48.10 1 3
scheduler0/utils/memchecker.go:49.19,50.24 1 2
scheduler0/utils/memchecker.go:51.19,52.10 1 1
scheduler0/utils/memchecker.go:58.55,60.2 1 1
scheduler0/utils/errors.go:10.39,12.2 1 0
scheduler0/utils/errors.go:14.74,19.2 1 0
scheduler0/utils/misc.go:25.52,27.16 2 0
scheduler0/utils/misc.go:31.2,35.16 4 0
scheduler0/utils/misc.go:39.2,39.13 1 0
scheduler0/utils/misc.go:47.2,47.24 1 0
scheduler0/utils/misc.go:27.16,29.3 1 0
scheduler0/utils/misc.go:35.16,37.3 1 0
scheduler0/utils/misc.go:39.13,41.17 2 0
scheduler0/utils/misc.go:41.17,44.4 2 0
scheduler0/utils/misc.go:50.31,55.2 4 4
scheduler0/utils/misc.go:57.43,59.82 2 6
scheduler0/utils/misc.go:62.2,62.16 1 5
scheduler0/utils/misc.go:59.82,61.3 1 1
scheduler0/utils/misc.go:65.47,67.2 1 1
scheduler0/utils/misc.go:69.43,72.16 3 1
scheduler0/utils/misc.go:76.2,76.40 1 1
scheduler0/utils/misc.go:79.2,79.36 1 1
scheduler0/utils/misc.go:82.2,82.25 1 1
scheduler0/utils/misc.go:72.16,74.3 1 0
scheduler0/utils/misc.go:76.40,78.3 1 0
scheduler0/utils/misc.go:79.36,81.3 1 0
scheduler0/utils/misc.go:85.45,87.16 2 0
scheduler0/utils/misc.go:91.2,92.16 2 0
scheduler0/utils/misc.go:96.2,96.35 1 0
scheduler0/utils/misc.go:99.2,99.16 1 0
scheduler0/utils/misc.go:87.16,89.3 1 0
scheduler0/utils/misc.go:92.16,94.3 1 0
scheduler0/utils/misc.go:96.35,98.3 1 0
scheduler0/utils/misc.go:102.58,110.16 5 3
scheduler0/utils/misc.go:115.2,117.16 3 3
scheduler0/utils/misc.go:120.2,122.26 2 3
scheduler0/utils/misc.go:133.2,134.12 2 3
scheduler0/utils/misc.go:159.2,159.22 1 2
scheduler0/utils/misc.go:110.16,112.3 1 0
scheduler0/utils/misc.go:117.16,119.3 1 0
scheduler0/utils/misc.go:122.26,126.17 3 1
scheduler0/utils/misc.go:129.3,129.24 1 1
scheduler0/utils/misc.go:126.17,128.4 1 0
scheduler0/utils/misc.go:134.12,135.17 1 3
scheduler0/utils/misc.go:135.17,138.18 3 1
scheduler0/utils/misc.go:142.4,142.46 1 1
scheduler0/utils/misc.go:146.4,146.37 1 1
scheduler0/utils/misc.go:149.4,149.26 1 1
scheduler0/utils/misc.go:138.18,140.5 1 0
scheduler0/utils/misc.go:142.46,144.5 1 0
scheduler0/utils/misc.go:146.37,148.5 1 0
scheduler0/utils/misc.go:150.9,151.40 1 2
scheduler0/utils/misc.go:154.4,154.43 1 1
scheduler0/utils/misc.go:151.40,153.5 1 1
scheduler0/utils/misc.go:156.8,158.3 1 0
scheduler0/utils/misc.go:162.81,166.43 3 0
scheduler0/utils/misc.go:172.2,172.11 1 0
scheduler0/utils/misc.go:166.43,167.49 1 0
scheduler0/utils/misc.go:167.49,169.4 1 0
scheduler0/utils/misc.go:175.78,179.43 3 0
scheduler0/utils/misc.go:185.2,185.61 1 0
scheduler0/utils/misc.go:179.43,180.49 1 0
scheduler0/utils/misc.go:180.49,182.4 1 0
scheduler0/utils/misc.go:188.70,192.43 3 0
scheduler0/utils/misc.go:198.2,198.63 1 0
scheduler0/utils/misc.go:192.43,193.39 1 0
scheduler0/utils/misc.go:193.39,195.4 1 0
scheduler0/utils/misc.go:201.36,205.2 3 0
scheduler0/utils/misc.go:207.55,209.30 2 3
scheduler0/utils/misc.go:212.2,212.16 1 3
scheduler0/utils/misc.go:209.30,211.3 1 7
scheduler0/utils/misc.go:215.26,217.16 2 0
scheduler0/utils/misc.go:220.2,224.16 5 0
scheduler0/utils/misc.go:227.2,227.12 1 0
scheduler0/utils/misc.go:217.16,219.3 1 0
scheduler0/utils/misc.go:224.16,226.3 1 0
scheduler0/utils/misc.go:227.12,229.52 2 0
scheduler0/utils/misc.go:232.3,233.52 2 0
scheduler0/utils/misc.go:229.52,231.4 1 0
scheduler0/utils/misc.go:233.52,235.4 1 0
scheduler0/utils/misc.go:239.22,241.16 2 0
scheduler0/utils/misc.go:244.2,248.16 4 0
scheduler0/utils/misc.go:251.2,251.12 1 0
scheduler0/utils/misc.go:241.16,243.3 1 0
scheduler0/utils/misc.go:248.16,250.3 1 0
scheduler0/utils/misc.go:251.12,253.52 2 0
scheduler0/utils/misc.go:253.52,255.4 1 0
scheduler0/utils/misc.go:259.26,261.16 2 0
scheduler0/utils/misc.go:264.2,264.20 1 0
scheduler0/utils/misc.go:261.16,263.3 1 0
scheduler0/utils/time.go:15.40,16.32 1 4
scheduler0/utils/time.go:20.2,20.17 1 1
scheduler0/utils/time.go:24.2,24.28 1 1
scheduler0/utils/time.go:16.32,18.3 1 3
scheduler0/utils/time.go:20.17,22.3 1 1
scheduler0/utils/time.go:27.66,29.16 2 5
scheduler0/utils/time.go:32.2,33.12 2 4
scheduler0/utils/time.go:29.16,31.3 1 1
scheduler0/utils/time.go:36.68,37.30 1 2
scheduler0/utils/time.go:40.2,40.32 1 1
scheduler0/utils/time.go:37.30,39.3 1 1
scheduler0/utils/worker.go:12.183,19.2 1 1
scheduler0/utils/worker.go:21.30,22.12 1 1
scheduler0/utils/worker.go:22.12,23.7 1 1
scheduler0/utils/worker.go:23.7,26.11 2 2
scheduler0/utils/worker.go:27.38,28.75 1 1
scheduler0/utils/worker.go:29.23,30.11 1 0
scheduler0/utils/worker.go:36.29,37.12 1 0
scheduler0/utils/worker.go:37.12,39.3 1 0
scheduler0/utils/batcher.go:12.57,17.30 3 1
scheduler0/utils/batcher.go:38.2,38.16 1 1
scheduler0/utils/batcher.go:17.30,21.24 3 1
scheduler0/utils/batcher.go:30.3,30.20 1 1
scheduler0/utils/batcher.go:21.24,23.34 2 100000
scheduler0/utils/batcher.go:27.4,27.14 1 100000
scheduler0/utils/batcher.go:23.34,26.5 2 12
scheduler0/utils/batcher.go:30.20,33.4 2 1
scheduler0/utils/batcher.go:34.8,36.3 1 0
scheduler0/utils/batcher.go:42.65,45.16 3 1
scheduler0/utils/batcher.go:49.2,56.20 6 1
scheduler0/utils/batcher.go:72.2,72.32 1 1
scheduler0/utils/batcher.go:81.2,81.16 1 1
scheduler0/utils/batcher.go:45.16,47.3 1 0
scheduler0/utils/batcher.go:56.20,58.38 1 100000
scheduler0/utils/batcher.go:67.3,69.6 2 100000
scheduler0/utils/batcher.go:58.38,60.18 2 15
scheduler0/utils/batcher.go:63.4,64.29 2 15
scheduler0/utils/batcher.go:60.18,62.5 1 0
scheduler0/utils/batcher.go:72.32,74.17 2 1
scheduler0/utils/batcher.go:77.3,78.28 2 1
scheduler0/utils/batcher.go:74.17,76.4 1 0
scheduler0/utils/controllers.go:19.36,21.16 2 0
scheduler0/utils/controllers.go:24.2,24.13 1 0
scheduler0/utils/controllers.go:21.16,23.3 1 0
scheduler0/utils/controllers.go:28.109,34.20 4 0
scheduler0/utils/controllers.go:40.2,41.36 2 0
scheduler0/utils/controllers.go:34.20,35.36 1 0
scheduler0/utils/controllers.go:35.36,37.4 1 0
scheduler0/utils/controllers.go:41.36,43.17 2 0
scheduler0/utils/controllers.go:43.17,45.4 1 0
scheduler0/utils/controllers.go:50.79,53.39 2 0
scheduler0/utils/controllers.go:57.2,57.22 1 0
scheduler0/utils/controllers.go:53.39,55.3 1 0
scheduler0/utils/controllers.go:61.65,64.16 2 0
scheduler0/utils/controllers.go:69.2,69.19 1 0
scheduler0/utils/controllers.go:74.2,74.13 1 0
scheduler0/utils/controllers.go:64.16,67.3 2 0
scheduler0/utils/controllers.go:69.19,72.3 2 0
scheduler0/utils/controllers.go:78.79,81.26 3 0
scheduler0/utils/controllers.go:93.2,93.22 1 0
scheduler0/utils/controllers.go:81.26,82.31 1 0
scheduler0/utils/controllers.go:82.31,85.28 3 0
scheduler0/utils/controllers.go:85.28,87.5 1 0
scheduler0/utils/controllers.go:87.10,88.10 1 0
scheduler0/utils/debounce.go:16.30,20.2 1 1
scheduler0/utils/debounce.go:22.81,26.17 3 2
scheduler0/utils/debounce.go:30.2,31.19 2 2
scheduler0/utils/debounce.go:26.17,27.46 1 0
scheduler0/utils/debounce.go:31.19,32.13 1 2
scheduler0/utils/debounce.go:32.13,33.17 1 2
scheduler0/utils/debounce.go:40.4,42.8 2 2
scheduler0/utils/debounce.go:33.17,39.5 4 2
scheduler0/utils/debounce.go:42.8,43.12 1 3
scheduler0/utils/debounce.go:44.23,45.39 1 2
scheduler0/utils/debounce.go:49.23,50.12 1 1
scheduler0/utils/debounce.go:45.39,48.7 2 1
scheduler0/utils/dispatcher.go:12.192,20.2 2 0
scheduler0/utils/dispatcher.go:22.37,23.52 1 0
scheduler0/utils/dispatcher.go:28.2,28.26 1 0
scheduler0/utils/dispatcher.go:23.52,26.3 2 0
scheduler0/utils/dispatcher.go:31.42,32.6 1 0
scheduler0/utils/dispatcher.go:32.6,33.10 1 0
scheduler0/utils/dispatcher.go:34.41,35.27 1 0
scheduler0/utils/dispatcher.go:35.27,38.5 2 0
scheduler0/utils/dispatcher.go:43.138,53.6 4 0
scheduler0/utils/dispatcher.go:53.6,54.10 1 0
scheduler0/utils/dispatcher.go:55.33,56.20 1 0
scheduler0/utils/dispatcher.go:57.30,58.19 1 0
scheduler0/utils/dispatcher.go:63.107,72.2 3 0
scheduler0/service/queue/queue.go:40.230,53.2 1 8
scheduler0/service/queue/queue.go:55.52,56.33 1 7
scheduler0/service/queue/queue.go:56.33,58.3 1 24
scheduler0/service/queue/queue.go:61.55,62.33 1 1
scheduler0/service/queue/queue.go:62.33,64.3 1 2
scheduler0/service/queue/queue.go:67.48,71.19 3 1
scheduler0/service/queue/queue.go:75.2,75.27 1 1
scheduler0/service/queue/queue.go:84.2,86.28 3 1
scheduler0/service/queue/queue.go:71.19,73.3 1 0
scheduler0/service/queue/queue.go:75.27,76.33 1 29
scheduler0/service/queue/queue.go:79.3,79.33 1 29
scheduler0/service/queue/queue.go:76.33,78.4 1 29
scheduler0/service/queue/queue.go:79.33,81.4 1 1
scheduler0/service/queue/queue.go:89.47,99.16 3 1
scheduler0/service/queue/queue.go:99.16,101.3 1 0
scheduler0/service/queue/queue.go:104.49,106.22 2 2
scheduler0/service/queue/queue.go:111.2,115.33 4 2
scheduler0/service/queue/queue.go:106.22,109.3 2 0
scheduler0/service/queue/queue.go:115.33,132.17 4 8
scheduler0/service/queue/queue.go:138.3,139.6 2 8
scheduler0/service/queue/queue.go:132.17,133.32 1 0
scheduler0/service/queue/queue.go:136.4,136.64 1 0
scheduler0/service/queue/queue.go:133.32,135.5 1 0
scheduler0/service/queue/queue.go:143.53,150.25 4 11
scheduler0/service/queue/queue.go:154.2,154.51 1 11
scheduler0/service/queue/queue.go:160.2,160.18 1 11
scheduler0/service/queue/queue.go:150.25,152.3 1 0
scheduler0/service/queue/queue.go:154.51,155.61 1 49
scheduler0/service/queue/queue.go:155.61,158.4 2 12
scheduler0/service/queue/queue.go:163.78,168.26 3 4
scheduler0/service/queue/queue.go:172.2,172.25 1 4
scheduler0/service/queue/queue.go:206.2,206.26 1 4
scheduler0/service/queue/queue.go:168.26,170.3 1 1
scheduler0/service/queue/queue.go:172.25,178.21 4 3
scheduler0/service/queue/queue.go:178.21,179.47 1 11
scheduler0/service/queue/queue.go:183.4,183.21 1 11
scheduler0/service/queue/queue.go:187.4,195.32 6 11
scheduler0/service/queue/queue.go:199.4,200.40 2 11
scheduler0/service/queue/queue.go:179.47,181.5 1 11
scheduler0/service/queue/queue.go:183.21,184.10 1 0
scheduler0/service/queue/queue.go:195.32,197.5 1 6
scheduler0/service/queue/queue.go:200.40,202.5 1 3
scheduler0/repository/credential.go:33.140,39.2 1 6
scheduler0/repository/credential.go:42.109,62.16 6 10
scheduler0/repository/credential.go:66.2,67.16 2 10
scheduler0/repository/credential.go:71.2,71.16 1 10
scheduler0/repository/credential.go:75.2,77.27 2 10
scheduler0/repository/credential.go:62.16,64.3 1 0
scheduler0/repository/credential.go:67.16,69.3 1 0
scheduler0/repository/credential.go:71.16,73.3 1 0
scheduler0/repository/credential.go:81.85,97.16 5 2
scheduler0/repository/credential.go:101.2,102.16 2 2
scheduler0/repository/credential.go:105.2,106.18 2 2
scheduler0/repository/credential.go:115.2,115.23 1 2
scheduler0/repository/credential.go:118.2,118.12 1 2
scheduler0/repository/credential.go:97.16,99.3 1 0
scheduler0/repository/credential.go:102.16,104.3 1 0
scheduler0/repository/credential.go:106.18,114.3 1 1
scheduler0/repository/credential.go:115.23,117.3 1 0
scheduler0/repository/credential.go:122.102,138.16 5 1
scheduler0/repository/credential.go:141.2,142.18 2 1
scheduler0/repository/credential.go:154.2,154.23 1 1
scheduler0/repository/credential.go:157.2,157.12 1 1
scheduler0/repository/credential.go:138.16,140.3 1 0
scheduler0/repository/credential.go:142.18,150.17 2 1
scheduler0/repository/credential.go:150.17,152.4 1 0
scheduler0/repository/credential.go:154.23,156.3 1 0
scheduler0/repository/credential.go:161.77,168.16 5 1
scheduler0/repository/credential.go:171.2,173.18 3 1
scheduler0/repository/credential.go:181.2,181.16 1 1
scheduler0/repository/credential.go:185.2,185.27 1 1
scheduler0/repository/credential.go:168.16,170.3 1 0
scheduler0/repository/credential.go:173.18,177.17 2 1
scheduler0/repository/credential.go:177.17,179.4 1 0
scheduler0/repository/credential.go:181.16,183.3 1 0
scheduler0/repository/credential.go:189.132,207.16 5 1
scheduler0/repository/credential.go:210.2,212.18 3 1
scheduler0/repository/credential.go:226.2,226.23 1 1
scheduler0/repository/credential.go:229.2,229.25 1 1
scheduler0/repository/credential.go:207.16,209.3 1 0
scheduler0/repository/credential.go:212.18,221.17 3 2
scheduler0/repository/credential.go:224.3,224.48 1 2
scheduler0/repository/credential.go:221.17,223.4 1 0
scheduler0/repository/credential.go:226.23,228.3 1 0
scheduler0/repository/credential.go:233.113,241.16 3 1
scheduler0/repository/credential.go:245.2,246.16 2 1
scheduler0/repository/credential.go:250.2,250.16 1 1
scheduler0/repository/credential.go:254.2,255.27 2 1
scheduler0/repository/credential.go:241.16,243.3 1 0
scheduler0/repository/credential.go:246.16,248.3 1 0
scheduler0/repository/credential.go:250.16,252.3 1 0
scheduler0/repository/credential.go:259.113,263.16 3 1
scheduler0/repository/credential.go:267.2,268.16 2 1
scheduler0/repository/credential.go:272.2,272.16 1 1
scheduler0/repository/credential.go:276.2,278.27 2 1
scheduler0/repository/credential.go:263.16,265.3 1 0
scheduler0/repository/credential.go:268.16,270.3 1 0
scheduler0/repository/credential.go:272.16,274.3 1 0
scheduler0/repository/job.go:36.126,42.2 1 15
scheduler0/repository/job.go:45.78,65.16 5 3
scheduler0/repository/job.go:68.2,70.18 3 3
scheduler0/repository/job.go:84.2,84.23 1 3
scheduler0/repository/job.go:88.2,88.12 1 3
scheduler0/repository/job.go:65.16,67.3 1 0
scheduler0/repository/job.go:70.18,83.3 2 2
scheduler0/repository/job.go:84.23,86.3 1 0
scheduler0/repository/job.go:92.95,99.32 5 1
scheduler0/repository/job.go:156.2,156.18 1 1
scheduler0/repository/job.go:99.32,103.28 3 1
scheduler0/repository/job.go:113.3,129.17 3 1
scheduler0/repository/job.go:132.3,132.19 1 1
scheduler0/repository/job.go:150.3,150.24 1 1
scheduler0/repository/job.go:153.3,153.15 1 1
scheduler0/repository/job.go:103.28,106.24 2 2
scheduler0/repository/job.go:110.4,110.25 1 2
scheduler0/repository/job.go:106.24,108.5 1 1
scheduler0/repository/job.go:129.17,131.4 1 0
scheduler0/repository/job.go:132.19,145.22 3 2
scheduler0/repository/job.go:148.4,148.28 1 2
scheduler0/repository/job.go:145.22,147.5 1 0
scheduler0/repository/job.go:150.24,152.4 1 0
scheduler0/repository/job.go:159.116,179.16 5 1
scheduler0/repository/job.go:182.2,185.18 3 1
scheduler0/repository/job.go:203.2,203.23 1 1
scheduler0/repository/job.go:207.2,207.18 1 1
scheduler0/repository/job.go:179.16,181.3 1 0
scheduler0/repository/job.go:185.18,198.21 3 2
scheduler0/repository/job.go:201.3,201.27 1 2
scheduler0/repository/job.go:198.21,200.4 1 0
scheduler0/repository/job.go:203.23,205.3 1 0
scheduler0/repository/job.go:211.142,236.16 6 5
scheduler0/repository/job.go:239.2,240.18 2 5
scheduler0/repository/job.go:258.2,258.23 1 5
scheduler0/repository/job.go:262.2,262.18 1 5
scheduler0/repository/job.go:236.16,238.3 1 0
scheduler0/repository/job.go:240.18,253.17 3 6
scheduler0/repository/job.go:256.3,256.27 1 6
scheduler0/repository/job.go:253.17,255.4 1 0
scheduler0/repository/job.go:258.23,260.3 1 0
scheduler0/repository/job.go:266.90,271.92 2 1
scheduler0/repository/job.go:275.2,275.65 1 1
scheduler0/repository/job.go:279.2,288.16 3 1
scheduler0/repository/job.go:292.2,293.16 2 1
scheduler0/repository/job.go:297.2,297.16 1 1
scheduler0/repository/job.go:301.2,303.27 2 1
scheduler0/repository/job.go:271.92,273.3 1 0
scheduler0/repository/job.go:275.65,277.3 1 0
scheduler0/repository/job.go:288.16,290.3 1 0
scheduler0/repository/job.go:293.16,295.3 1 0
scheduler0/repository/job.go:297.16,299.3 1 0
scheduler0/repository/job.go:307.90,311.16 3 2
scheduler0/repository/job.go:315.2,316.16 2 2
scheduler0/repository/job.go:320.2,320.16 1 2
scheduler0/repository/job.go:324.2,326.27 2 2
scheduler0/repository/job.go:311.16,313.3 1 0
scheduler0/repository/job.go:316.16,318.3 1 0
scheduler0/repository/job.go:320.16,322.3 1 0
scheduler0/repository/job.go:330.75,336.16 5 1
scheduler0/repository/job.go:339.2,341.18 3 1
scheduler0/repository/job.go:349.2,349.16 1 1
scheduler0/repository/job.go:353.2,353.27 1 1
scheduler0/repository/job.go:336.16,338.3 1 0
scheduler0/repository/job.go:341.18,345.17 2 1
scheduler0/repository/job.go:345.17,347.4 1 0
scheduler0/repository/job.go:349.16,351.3 1 0
scheduler0/repository/job.go:357.102,366.21 5 2
scheduler0/repository/job.go:369.2,371.18 3 2
scheduler0/repository/job.go:379.2,379.23 1 2
scheduler0/repository/job.go:383.2,383.27 1 2
scheduler0/repository/job.go:366.21,368.3 1 0
scheduler0/repository/job.go:371.18,375.21 2 2
scheduler0/repository/job.go:375.21,377.4 1 0
scheduler0/repository/job.go:379.23,381.3 1 0
scheduler0/repository/job.go:387.133,390.16 2 1
scheduler0/repository/job.go:394.2,395.16 2 1
scheduler0/repository/job.go:399.2,399.45 1 1
scheduler0/repository/job.go:390.16,392.3 1 0
scheduler0/repository/job.go:395.16,397.3 1 0
scheduler0/repository/job.go:403.92,411.32 5 15
scheduler0/repository/job.go:460.2,460.26 1 15
scheduler0/repository/job.go:411.32,425.29 4 15
scheduler0/repository/job.go:444.3,447.22 3 15
scheduler0/repository/job.go:451.3,453.78 2 15
scheduler0/repository/job.go:457.3,457.46 1 15
scheduler0/repository/job.go:425.29,439.24 4 32
scheduler0/repository/job.go:439.24,441.5 1 17
scheduler0/repository/job.go:447.22,449.4 1 0
scheduler0/repository/job.go:453.78,455.4 1 32
scheduler0/repository/job_executions.go:49.141,55.2 1 5
scheduler0/repository/job_executions.go:57.174,61.19 3 5
scheduler0/repository/job_executions.go:65.2,68.32 3 5
scheduler0/repository/job_executions.go:61.19,63.3 1 0
scheduler0/repository/job_executions.go:68.32,84.29 4 5
scheduler0/repository/job_executions.go:115.3,118.17 4 5
scheduler0/repository/job_executions.go:123.3,124.17 2 5
scheduler0/repository/job_executions.go:134.3,135.17 2 5
scheduler0/repository/job_executions.go:140.3,141.17 2 5
scheduler0/repository/job_executions.go:152.3,152.77 1 5
scheduler0/repository/job_executions.go:156.3,156.46 1 5
scheduler0/repository/job_executions.go:84.29,87.75 2 10
scheduler0/repository/job_executions.go:91.4,93.23 3 10
scheduler0/repository/job_executions.go:96.4,110.24 5 10
scheduler0/repository/job_executions.go:87.75,89.5 1 10
scheduler0/repository/job_executions.go:93.23,95.5 1 0
scheduler0/repository/job_executions.go:110.24,112.5 1 5
scheduler0/repository/job_executions.go:118.17,121.4 2 0
scheduler0/repository/job_executions.go:124.17,126.26 2 0
scheduler0/repository/job_executions.go:126.26,129.5 2 0
scheduler0/repository/job_executions.go:129.10,132.5 2 0
scheduler0/repository/job_executions.go:135.17,138.4 2 0
scheduler0/repository/job_executions.go:141.17,143.26 2 0
scheduler0/repository/job_executions.go:143.26,146.5 2 0
scheduler0/repository/job_executions.go:146.10,149.5 2 0
scheduler0/repository/job_executions.go:152.77,154.4 1 10
scheduler0/repository/job_executions.go:160.100,166.21 4 1
scheduler0/repository/job_executions.go:170.2,172.32 2 1
scheduler0/repository/job_executions.go:259.2,259.16 1 1
scheduler0/repository/job_executions.go:166.21,168.3 1 0
scheduler0/repository/job_executions.go:172.32,176.35 3 1
scheduler0/repository/job_executions.go:181.3,228.17 3 1
scheduler0/repository/job_executions.go:232.3,232.19 1 1
scheduler0/repository/job_executions.go:252.3,252.24 1 1
scheduler0/repository/job_executions.go:256.3,256.15 1 1
scheduler0/repository/job_executions.go:176.35,179.4 2 1
scheduler0/repository/job_executions.go:228.17,231.4 2 0
scheduler0/repository/job_executions.go:232.19,246.18 3 2
scheduler0/repository/job_executions.go:250.4,250.47 1 2
scheduler0/repository/job_executions.go:246.18,249.5 2 0
scheduler0/repository/job_executions.go:252.24,255.4 2 0
scheduler0/repository/job_executions.go:262.109,267.31 3 1
scheduler0/repository/job_executions.go:286.2,286.25 1 1
scheduler0/repository/job_executions.go:267.31,268.72 1 2
scheduler0/repository/job_executions.go:268.72,269.56 1 4
scheduler0/repository/job_executions.go:269.56,270.66 1 2
scheduler0/repository/job_executions.go:270.66,272.6 1 2
scheduler0/repository/job_executions.go:272.11,273.93 1 0
scheduler0/repository/job_executions.go:273.93,275.7 1 0
scheduler0/repository/job_executions.go:275.12,276.72 1 0
scheduler0/repository/job_executions.go:276.72,278.8 1 0
scheduler0/repository/job_executions.go:289.119,305.16 6 1
scheduler0/repository/job_executions.go:309.2,310.18 2 1
scheduler0/repository/job_executions.go:317.2,317.23 1 1
scheduler0/repository/job_executions.go:321.2,321.14 1 1
scheduler0/repository/job_executions.go:305.16,308.3 2 0
scheduler0/repository/job_executions.go:310.18,312.17 2 1
scheduler0/repository/job_executions.go:312.17,315.4 2 0
scheduler0/repository/job_executions.go:317.23,320.3 2 0
scheduler0/repository/job_executions.go:324.71,330.15 4 1
scheduler0/repository/job_executions.go:334.2,340.16 4 1
scheduler0/repository/job_executions.go:344.2,345.18 2 1
scheduler0/repository/job_executions.go:352.2,352.23 1 1
scheduler0/repository/job_executions.go:356.2,356.14 1 1
scheduler0/repository/job_executions.go:330.15,332.3 1 0
scheduler0/repository/job_executions.go:340.16,343.3 2 0
scheduler0/repository/job_executions.go:345.18,347.17 2 1
scheduler0/repository/job_executions.go:347.17,350.4 2 0
scheduler0/repository/job_executions.go:352.23,355.3 2 0
scheduler0/repository/job_executions.go:359.100,362.15 2 1
scheduler0/repository/job_executions.go:366.2,372.16 4 1
scheduler0/repository/job_executions.go:376.2,378.18 3 1
scheduler0/repository/job_executions.go:385.2,385.23 1 1
scheduler0/repository/job_executions.go:389.2,389.21 1 1
scheduler0/repository/job_executions.go:362.15,364.3 1 0
scheduler0/repository/job_executions.go:372.16,375.3 2 0
scheduler0/repository/job_executions.go:378.18,380.17 2 1
scheduler0/repository/job_executions.go:380.17,383.4 2 0
scheduler0/repository/job_executions.go:385.23,388.3 2 0
scheduler0/repository/job_executions.go:392.104,401.32 7 1
scheduler0/repository/job_executions.go:461.2,461.16 1 1
scheduler0/repository/job_executions.go:401.32,405.31 3 1
scheduler0/repository/job_executions.go:410.3,429.17 3 1
scheduler0/repository/job_executions.go:433.3,433.19 1 1
scheduler0/repository/job_executions.go:453.3,453.24 1 1
scheduler0/repository/job_executions.go:458.3,458.15 1 1
scheduler0/repository/job_executions.go:405.31,408.4 2 1
scheduler0/repository/job_executions.go:429.17,432.4 2 0
scheduler0/repository/job_executions.go:433.19,447.22 3 2
scheduler0/repository/job_executions.go:451.4,451.47 1 2
scheduler0/repository/job_executions.go:447.22,450.5 2 0
scheduler0/repository/job_executions.go:453.24,457.4 2 0
scheduler0/repository/job_queues.go:39.135,45.2 1 2
scheduler0/repository/job_queues.go:47.102,68.16 7 1
scheduler0/repository/job_queues.go:72.2,72.18 1 1
scheduler0/repository/job_queues.go:88.2,88.23 1 1
scheduler0/repository/job_queues.go:93.2,93.15 1 1
scheduler0/repository/job_queues.go:68.16,71.3 2 0
scheduler0/repository/job_queues.go:72.18,82.21 3 2
scheduler0/repository/job_queues.go:86.3,86.36 1 2
scheduler0/repository/job_queues.go:82.21,85.4 2 0
scheduler0/repository/job_queues.go:88.23,91.3 2 0
scheduler0/repository/job_queues.go:96.48,106.16 6 1
scheduler0/repository/job_queues.go:109.2,110.18 2 1
scheduler0/repository/job_queues.go:116.2,116.23 1 1
scheduler0/repository/job_queues.go:120.2,120.20 1 1
scheduler0/repository/job_queues.go:124.2,124.17 1 1
scheduler0/repository/job_queues.go:106.16,108.3 1 0
scheduler0/repository/job_queues.go:110.18,112.21 2 1
scheduler0/repository/job_queues.go:112.21,114.4 1 0
scheduler0/repository/job_queues.go:116.23,118.3 1 0
scheduler0/repository/job_queues.go:120.20,122.3 1 0
scheduler0/repository/project.go:35.151,42.2 1 19
scheduler0/repository/project.go:45.98,46.27 1 26
scheduler0/repository/project.go:50.2,50.34 1 26
scheduler0/repository/project.go:54.2,60.28 3 26
scheduler0/repository/project.go:63.2,77.16 4 26
scheduler0/repository/project.go:81.2,82.21 2 26
scheduler0/repository/project.go:86.2,86.16 1 26
scheduler0/repository/project.go:90.2,94.19 4 26
scheduler0/repository/project.go:98.2,98.32 1 26
scheduler0/repository/project.go:46.27,48.3 1 0
scheduler0/repository/project.go:50.34,52.3 1 0
scheduler0/repository/project.go:60.28,62.3 1 0
scheduler0/repository/project.go:77.16,79.3 1 0
scheduler0/repository/project.go:82.21,84.3 1 0
scheduler0/repository/project.go:86.16,88.3 1 0
scheduler0/repository/project.go:94.19,96.3 1 0
scheduler0/repository/project.go:102.91,117.16 5 26
scheduler0/repository/project.go:120.2,122.18 3 26
scheduler0/repository/project.go:134.2,134.23 1 26
scheduler0/repository/project.go:138.2,138.16 1 26
scheduler0/repository/project.go:141.2,141.12 1 0
scheduler0/repository/project.go:117.16,119.3 1 0
scheduler0/repository/project.go:122.18,129.17 2 0
scheduler0/repository/project.go:132.3,132.13 1 0
scheduler0/repository/project.go:129.17,131.4 1 0
scheduler0/repository/project.go:134.23,136.3 1 0
scheduler0/repository/project.go:138.16,140.3 1 26
scheduler0/repository/project.go:145.89,160.16 5 28
scheduler0/repository/project.go:163.2,165.18 3 28
scheduler0/repository/project.go:177.2,177.23 1 28
scheduler0/repository/project.go:181.2,181.16 1 28
scheduler0/repository/project.go:184.2,184.12 1 27
scheduler0/repository/project.go:160.16,162.3 1 0
scheduler0/repository/project.go:165.18,172.17 2 27
scheduler0/repository/project.go:175.3,175.13 1 27
scheduler0/repository/project.go:172.17,174.4 1 0
scheduler0/repository/project.go:177.23,179.3 1 0
scheduler0/repository/project.go:181.16,183.3 1 1
scheduler0/repository/project.go:187.116,191.25 3 1
scheduler0/repository/project.go:195.2,197.39 2 1
scheduler0/repository/project.go:203.2,204.45 2 1
scheduler0/repository/project.go:208.2,212.21 4 1
scheduler0/repository/project.go:218.2,230.16 4 1
scheduler0/repository/project.go:233.2,235.18 3 1
scheduler0/repository/project.go:249.2,249.23 1 1
scheduler0/repository/project.go:253.2,253.22 1 1
scheduler0/repository/project.go:191.25,193.3 1 0
scheduler0/repository/project.go:197.39,198.48 1 2
scheduler0/repository/project.go:198.48,200.4 1 2
scheduler0/repository/project.go:204.45,206.3 1 2
scheduler0/repository/project.go:212.21,216.3 3 1
scheduler0/repository/project.go:230.16,232.3 1 0
scheduler0/repository/project.go:235.18,243.17 3 2
scheduler0/repository/project.go:246.3,247.13 2 2
scheduler0/repository/project.go:243.17,245.4 1 0
scheduler0/repository/project.go:249.23,251.3 1 0
scheduler0/repository/project.go:257.107,275.16 7 1
scheduler0/repository/project.go:278.2,278.18 1 1
scheduler0/repository/project.go:291.2,291.23 1 1
scheduler0/repository/project.go:295.2,295.22 1 1
scheduler0/repository/project.go:275.16,277.3 1 0
scheduler0/repository/project.go:278.18,286.17 3 2
scheduler0/repository/project.go:289.3,289.39 1 2
scheduler0/repository/project.go:286.17,288.4 1 0
scheduler0/repository/project.go:291.23,293.3 1 0
scheduler0/repository/project.go:299.71,306.16 6 1
scheduler0/repository/project.go:309.2,310.18 2 1
scheduler0/repository/project.go:318.2,318.16 1 1
scheduler0/repository/project.go:322.2,322.27 1 1
scheduler0/repository/project.go:306.16,308.3 1 0
scheduler0/repository/project.go:310.18,314.17 2 1
scheduler0/repository/project.go:314.17,316.4 1 0
scheduler0/repository/project.go:318.16,320.3 1 0
scheduler0/repository/project.go:326.101,332.16 3 1
scheduler0/repository/project.go:336.2,337.21 2 1
scheduler0/repository/project.go:340.2,340.16 1 1
scheduler0/repository/project.go:344.2,346.27 2 1
scheduler0/repository/project.go:332.16,334.3 1 0
scheduler0/repository/project.go:337.21,339.3 1 0
scheduler0/repository/project.go:340.16,342.3 1 0
scheduler0/repository/project.go:350.101,352.22 2 2
scheduler0/repository/project.go:356.2,356.26 1 2
scheduler0/repository/project.go:360.2,365.22 3 1
scheduler0/repository/project.go:369.2,370.21 2 1
scheduler0/repository/project.go:373.2,373.16 1 1
scheduler0/repository/project.go:377.2,379.27 2 1
scheduler0/repository/project.go:352.22,354.3 1 0
scheduler0/repository/project.go:356.26,358.3 1 1
scheduler0/repository/project.go:365.22,367.3 1 0
scheduler0/repository/project.go:370.21,372.3 1 0
scheduler0/repository/project.go:373.16,375.3 1 0
scheduler0/repository/async_tasks.go:33.168,40.2 1 8
scheduler0/repository/async_tasks.go:42.115,53.16 8 7
scheduler0/repository/async_tasks.go:57.2,57.32 1 7
scheduler0/repository/async_tasks.go:105.2,105.21 1 7
scheduler0/repository/async_tasks.go:53.16,55.3 1 3
scheduler0/repository/async_tasks.go:57.32,76.33 3 7
scheduler0/repository/async_tasks.go:81.3,86.17 4 7
scheduler0/repository/async_tasks.go:90.3,90.17 1 7
scheduler0/repository/async_tasks.go:94.3,95.17 2 7
scheduler0/repository/async_tasks.go:98.3,98.77 1 7
scheduler0/repository/async_tasks.go:102.3,102.36 1 7
scheduler0/repository/async_tasks.go:76.33,79.4 2 37
scheduler0/repository/async_tasks.go:86.17,88.4 1 0
scheduler0/repository/async_tasks.go:90.17,92.4 1 0
scheduler0/repository/async_tasks.go:95.17,97.4 1 0
scheduler0/repository/async_tasks.go:98.77,100.4 1 44
scheduler0/repository/async_tasks.go:108.103,117.32 6 1
scheduler0/repository/async_tasks.go:161.2,161.21 1 1
scheduler0/repository/async_tasks.go:117.32,135.33 3 1
scheduler0/repository/async_tasks.go:140.3,145.22 4 1
scheduler0/repository/async_tasks.go:149.3,149.17 1 1
scheduler0/repository/async_tasks.go:153.3,154.78 2 1
scheduler0/repository/async_tasks.go:158.3,158.36 1 1
scheduler0/repository/async_tasks.go:135.33,138.4 2 19
scheduler0/repository/async_tasks.go:145.22,147.4 1 0
scheduler0/repository/async_tasks.go:149.17,151.4 1 0
scheduler0/repository/async_tasks.go:154.78,156.4 1 20
scheduler0/repository/async_tasks.go:164.136,171.16 3 1
scheduler0/repository/async_tasks.go:175.2,176.16 2 1
scheduler0/repository/async_tasks.go:180.2,180.16 1 1
scheduler0/repository/async_tasks.go:184.2,184.12 1 1
scheduler0/repository/async_tasks.go:171.16,173.3 1 0
scheduler0/repository/async_tasks.go:176.16,178.3 1 0
scheduler0/repository/async_tasks.go:180.16,182.3 1 0
scheduler0/repository/async_tasks.go:187.132,197.16 5 1
scheduler0/repository/async_tasks.go:201.2,202.16 2 1
scheduler0/repository/async_tasks.go:206.2,206.16 1 1
scheduler0/repository/async_tasks.go:210.2,210.12 1 1
scheduler0/repository/async_tasks.go:197.16,199.3 1 0
scheduler0/repository/async_tasks.go:202.16,204.3 1 0
scheduler0/repository/async_tasks.go:206.16,208.3 1 0
scheduler0/repository/async_tasks.go:213.93,240.16 5 4
scheduler0/repository/async_tasks.go:243.2,245.18 3 4
scheduler0/repository/async_tasks.go:259.2,259.23 1 4
scheduler0/repository/async_tasks.go:262.2,262.24 1 4
scheduler0/repository/async_tasks.go:240.16,242.3 1 0
scheduler0/repository/async_tasks.go:245.18,255.21 2 4
scheduler0/repository/async_tasks.go:255.21,257.4 1 0
scheduler0/repository/async_tasks.go:259.23,261.3 1 0
scheduler0/repository/async_tasks.go:265.68,268.15 2 3
scheduler0/repository/async_tasks.go:272.2,277.16 3 3
scheduler0/repository/async_tasks.go:281.2,282.18 2 3
scheduler0/repository/async_tasks.go:289.2,289.23 1 3
scheduler0/repository/async_tasks.go:293.2,293.14 1 3
scheduler0/repository/async_tasks.go:268.15,270.3 1 2
scheduler0/repository/async_tasks.go:277.16,280.3 2 0
scheduler0/repository/async_tasks.go:282.18,284.17 2 3
scheduler0/repository/async_tasks.go:284.17,287.4 2 0
scheduler0/repository/async_tasks.go:289.23,292.3 2 0
scheduler0/repository/async_tasks.go:296.85,299.15 2 3
scheduler0/repository/async_tasks.go:303.2,308.16 3 3
scheduler0/repository/async_tasks.go:312.2,314.18 3 3
scheduler0/repository/async_tasks.go:321.2,321.23 1 3
scheduler0/repository/async_tasks.go:325.2,325.21 1 3
scheduler0/repository/async_tasks.go:299.15,301.3 1 2
scheduler0/repository/async_tasks.go:308.16,311.3 2 0
scheduler0/repository/async_tasks.go:314.18,316.17 2 3
scheduler0/repository/async_tasks.go:316.17,319.4 2 0
scheduler0/repository/async_tasks.go:321.23,324.3 2 0
scheduler0/repository/async_tasks.go:328.99,333.16 4 3
scheduler0/repository/async_tasks.go:337.2,344.32 6 3
scheduler0/repository/async_tasks.go:394.2,394.21 1 3
scheduler0/repository/async_tasks.go:333.16,335.3 1 1
scheduler0/repository/async_tasks.go:344.32,348.31 3 3
scheduler0/repository/async_tasks.go:353.3,366.17 3 3
scheduler0/repository/async_tasks.go:369.3,369.19 1 3
scheduler0/repository/async_tasks.go:385.3,385.24 1 3
scheduler0/repository/async_tasks.go:388.3,389.22 2 3
scheduler0/repository/async_tasks.go:348.31,351.4 2 37
scheduler0/repository/async_tasks.go:366.17,368.4 1 0
scheduler0/repository/async_tasks.go:369.19,380.22 3 40
scheduler0/repository/async_tasks.go:383.4,383.40 1 40
scheduler0/repository/async_tasks.go:380.22,382.5 1 0
scheduler0/repository/async_tasks.go:385.24,387.4 1 0
scheduler0/repository/async_tasks.go:389.22,391.4 1 0
